<?xml version="1.0" encoding="UTF-8"?>
<coverage generated="1686838880237" clover="3.2.0">
  <project timestamp="1686838880237" name="All files">
    <metrics statements="48" coveredstatements="47" conditionals="18" coveredconditionals="17" methods="6" coveredmethods="6" elements="72" coveredelements="70" complexity="0" loc="48" ncloc="48" packages="2" files="6" classes="6"/>
    <package name="src">
      <metrics statements="12" coveredstatements="12" conditionals="0" coveredconditionals="0" methods="2" coveredmethods="2"/>
      <file name="index.js" path="C:\Users\ggwpe\Рабочий стол\frontend-project-46\src\index.js">
        <metrics statements="8" coveredstatements="8" conditionals="0" coveredconditionals="0" methods="1" coveredmethods="1"/>
        <line num="6" count="1" type="stmt"/>
        <line num="7" count="3" type="stmt"/>
        <line num="8" count="3" type="stmt"/>
        <line num="9" count="3" type="stmt"/>
        <line num="10" count="3" type="stmt"/>
        <line num="11" count="3" type="stmt"/>
        <line num="12" count="3" type="stmt"/>
        <line num="13" count="3" type="stmt"/>
      </file>
      <file name="parseJsonFile.js" path="C:\Users\ggwpe\Рабочий стол\frontend-project-46\src\parseJsonFile.js">
        <metrics statements="4" coveredstatements="4" conditionals="0" coveredconditionals="0" methods="1" coveredmethods="1"/>
        <line num="3" count="1" type="stmt"/>
        <line num="4" count="6" type="stmt"/>
        <line num="5" count="6" type="stmt"/>
        <line num="6" count="6" type="stmt"/>
      </file>
    </package>
    <package name="src.buildDiff">
      <metrics statements="36" coveredstatements="35" conditionals="18" coveredconditionals="17" methods="4" coveredmethods="4"/>
      <file name="buildDiff.js" path="C:\Users\ggwpe\Рабочий стол\frontend-project-46\src\buildDiff\buildDiff.js">
        <metrics statements="22" coveredstatements="22" conditionals="6" coveredconditionals="6" methods="1" coveredmethods="1"/>
        <line num="5" count="1" type="stmt"/>
        <line num="6" count="3" type="stmt"/>
        <line num="7" count="3" type="stmt"/>
        <line num="8" count="3" type="stmt"/>
        <line num="9" count="3" type="stmt"/>
        <line num="10" count="3" type="stmt"/>
        <line num="11" count="3" type="stmt"/>
        <line num="12" count="3" type="stmt"/>
        <line num="14" count="3" type="stmt"/>
        <line num="15" count="12" type="stmt"/>
        <line num="16" count="12" type="cond" truecount="2" falsecount="0"/>
        <line num="17" count="3" type="stmt"/>
        <line num="18" count="9" type="cond" truecount="2" falsecount="0"/>
        <line num="19" count="1" type="stmt"/>
        <line num="20" count="1" type="stmt"/>
        <line num="21" count="1" type="stmt"/>
        <line num="23" count="8" type="stmt"/>
        <line num="27" count="3" type="stmt"/>
        <line num="28" count="12" type="stmt"/>
        <line num="29" count="12" type="cond" truecount="2" falsecount="0"/>
        <line num="30" count="8" type="stmt"/>
        <line num="33" count="3" type="stmt"/>
      </file>
      <file name="compareFunc.js" path="C:\Users\ggwpe\Рабочий стол\frontend-project-46\src\buildDiff\compareFunc.js">
        <metrics statements="3" coveredstatements="2" conditionals="4" coveredconditionals="3" methods="1" coveredmethods="1"/>
        <line num="2" count="36" type="cond" truecount="2" falsecount="0"/>
        <line num="3" count="24" type="cond" truecount="1" falsecount="1"/>
        <line num="4" count="0" type="stmt"/>
      </file>
      <file name="isSameItem.js" path="C:\Users\ggwpe\Рабочий стол\frontend-project-46\src\buildDiff\isSameItem.js">
        <metrics statements="6" coveredstatements="6" conditionals="4" coveredconditionals="4" methods="1" coveredmethods="1"/>
        <line num="1" count="1" type="stmt"/>
        <line num="2" count="12" type="stmt"/>
        <line num="4" count="12" type="stmt"/>
        <line num="5" count="41" type="stmt"/>
        <line num="6" count="41" type="cond" truecount="4" falsecount="0"/>
        <line num="8" count="9" type="stmt"/>
      </file>
      <file name="isSimilarItem.js" path="C:\Users\ggwpe\Рабочий стол\frontend-project-46\src\buildDiff\isSimilarItem.js">
        <metrics statements="5" coveredstatements="5" conditionals="4" coveredconditionals="4" methods="1" coveredmethods="1"/>
        <line num="1" count="1" type="stmt"/>
        <line num="2" count="9" type="stmt"/>
        <line num="4" count="9" type="stmt"/>
        <line num="5" count="34" type="cond" truecount="4" falsecount="0"/>
        <line num="7" count="8" type="stmt"/>
      </file>
    </package>
  </project>
</coverage>
