{"C:\\Users\\ggwpe\\Рабочий стол\\frontend-project-46\\src\\index.js": {"path":"C:\\Users\\ggwpe\\Рабочий стол\\frontend-project-46\\src\\index.js","statementMap":{"0":{"start":{"line":6,"column":16},"end":{"line":14,"column":1}},"1":{"start":{"line":7,"column":21},"end":{"line":7,"column":51}},"2":{"start":{"line":8,"column":20},"end":{"line":8,"column":44}},"3":{"start":{"line":9,"column":24},"end":{"line":9,"column":58}},"4":{"start":{"line":10,"column":24},"end":{"line":10,"column":58}},"5":{"start":{"line":11,"column":21},"end":{"line":11,"column":49}},"6":{"start":{"line":12,"column":21},"end":{"line":12,"column":49}},"7":{"start":{"line":13,"column":2},"end":{"line":13,"column":43}}},"fnMap":{"0":{"name":"(anonymous_0)","decl":{"start":{"line":6,"column":16},"end":{"line":6,"column":17}},"loc":{"start":{"line":6,"column":42},"end":{"line":14,"column":1}},"line":6}},"branchMap":{},"s":{"0":1,"1":3,"2":3,"3":3,"4":3,"5":3,"6":3,"7":3},"f":{"0":3},"b":{},"_coverageSchema":"1a1c01bbd47fc00a2c39e90264f33305004495a9","hash":"f2052bc94ac66aa3f633712880d4717341c7df3e"}
,"C:\\Users\\ggwpe\\Рабочий стол\\frontend-project-46\\src\\parseJsonFile.js": {"path":"C:\\Users\\ggwpe\\Рабочий стол\\frontend-project-46\\src\\parseJsonFile.js","statementMap":{"0":{"start":{"line":3,"column":22},"end":{"line":7,"column":1}},"1":{"start":{"line":4,"column":19},"end":{"line":4,"column":53}},"2":{"start":{"line":5,"column":19},"end":{"line":5,"column":39}},"3":{"start":{"line":6,"column":2},"end":{"line":6,"column":18}}},"fnMap":{"0":{"name":"(anonymous_0)","decl":{"start":{"line":3,"column":22},"end":{"line":3,"column":23}},"loc":{"start":{"line":3,"column":36},"end":{"line":7,"column":1}},"line":3}},"branchMap":{},"s":{"0":1,"1":6,"2":6,"3":6},"f":{"0":6},"b":{},"_coverageSchema":"1a1c01bbd47fc00a2c39e90264f33305004495a9","hash":"2d94c6d82ba473f92f0d2a061631b29a4cdd5df3"}
,"C:\\Users\\ggwpe\\Рабочий стол\\frontend-project-46\\src\\buildDiff\\buildDiff.js": {"path":"C:\\Users\\ggwpe\\Рабочий стол\\frontend-project-46\\src\\buildDiff\\buildDiff.js","statementMap":{"0":{"start":{"line":5,"column":18},"end":{"line":34,"column":1}},"1":{"start":{"line":6,"column":15},"end":{"line":6,"column":20}},"2":{"start":{"line":7,"column":17},"end":{"line":7,"column":26}},"3":{"start":{"line":8,"column":17},"end":{"line":8,"column":26}},"4":{"start":{"line":9,"column":19},"end":{"line":9,"column":41}},"5":{"start":{"line":10,"column":25},"end":{"line":10,"column":51}},"6":{"start":{"line":11,"column":19},"end":{"line":11,"column":41}},"7":{"start":{"line":12,"column":25},"end":{"line":12,"column":51}},"8":{"start":{"line":14,"column":2},"end":{"line":25,"column":3}},"9":{"start":{"line":15,"column":25},"end":{"line":15,"column":29}},"10":{"start":{"line":16,"column":4},"end":{"line":24,"column":5}},"11":{"start":{"line":17,"column":6},"end":{"line":17,"column":49}},"12":{"start":{"line":18,"column":11},"end":{"line":24,"column":5}},"13":{"start":{"line":19,"column":20},"end":{"line":19,"column":58}},"14":{"start":{"line":20,"column":6},"end":{"line":20,"column":49}},"15":{"start":{"line":21,"column":6},"end":{"line":21,"column":72}},"16":{"start":{"line":23,"column":6},"end":{"line":23,"column":49}},"17":{"start":{"line":27,"column":2},"end":{"line":32,"column":3}},"18":{"start":{"line":28,"column":25},"end":{"line":28,"column":29}},"19":{"start":{"line":29,"column":4},"end":{"line":31,"column":5}},"20":{"start":{"line":30,"column":6},"end":{"line":30,"column":49}},"21":{"start":{"line":33,"column":2},"end":{"line":33,"column":22}}},"fnMap":{"0":{"name":"(anonymous_0)","decl":{"start":{"line":5,"column":18},"end":{"line":5,"column":19}},"loc":{"start":{"line":5,"column":44},"end":{"line":34,"column":1}},"line":5}},"branchMap":{"0":{"loc":{"start":{"line":16,"column":4},"end":{"line":24,"column":5}},"type":"if","locations":[{"start":{"line":16,"column":4},"end":{"line":24,"column":5}},{"start":{"line":18,"column":11},"end":{"line":24,"column":5}}],"line":16},"1":{"loc":{"start":{"line":18,"column":11},"end":{"line":24,"column":5}},"type":"if","locations":[{"start":{"line":18,"column":11},"end":{"line":24,"column":5}},{"start":{"line":22,"column":11},"end":{"line":24,"column":5}}],"line":18},"2":{"loc":{"start":{"line":29,"column":4},"end":{"line":31,"column":5}},"type":"if","locations":[{"start":{"line":29,"column":4},"end":{"line":31,"column":5}},{"start":{},"end":{}}],"line":29}},"s":{"0":1,"1":3,"2":3,"3":3,"4":3,"5":3,"6":3,"7":3,"8":3,"9":12,"10":12,"11":3,"12":9,"13":1,"14":1,"15":1,"16":8,"17":3,"18":12,"19":12,"20":8,"21":3},"f":{"0":3},"b":{"0":[3,9],"1":[1,8],"2":[8,4]},"_coverageSchema":"1a1c01bbd47fc00a2c39e90264f33305004495a9","hash":"9d5052328a201ffb304d7677acf204062965eef9"}
,"C:\\Users\\ggwpe\\Рабочий стол\\frontend-project-46\\src\\buildDiff\\compareFunc.js": {"path":"C:\\Users\\ggwpe\\Рабочий стол\\frontend-project-46\\src\\buildDiff\\compareFunc.js","statementMap":{"0":{"start":{"line":2,"column":2},"end":{"line":2,"column":28}},"1":{"start":{"line":2,"column":19},"end":{"line":2,"column":28}},"2":{"start":{"line":3,"column":2},"end":{"line":3,"column":29}},"3":{"start":{"line":3,"column":19},"end":{"line":3,"column":29}},"4":{"start":{"line":4,"column":2},"end":{"line":4,"column":11}}},"fnMap":{"0":{"name":"(anonymous_0)","decl":{"start":{"line":1,"column":15},"end":{"line":1,"column":16}},"loc":{"start":{"line":1,"column":25},"end":{"line":5,"column":1}},"line":1}},"branchMap":{"0":{"loc":{"start":{"line":2,"column":2},"end":{"line":2,"column":28}},"type":"if","locations":[{"start":{"line":2,"column":2},"end":{"line":2,"column":28}},{"start":{},"end":{}}],"line":2},"1":{"loc":{"start":{"line":3,"column":2},"end":{"line":3,"column":29}},"type":"if","locations":[{"start":{"line":3,"column":2},"end":{"line":3,"column":29}},{"start":{},"end":{}}],"line":3}},"s":{"0":36,"1":12,"2":24,"3":24,"4":0},"f":{"0":36},"b":{"0":[12,24],"1":[24,0]},"_coverageSchema":"1a1c01bbd47fc00a2c39e90264f33305004495a9","hash":"1ea3b2fa0a8617dd8d5a35f5fbb5a52960a11627"}
,"C:\\Users\\ggwpe\\Рабочий стол\\frontend-project-46\\src\\buildDiff\\isSameItem.js": {"path":"C:\\Users\\ggwpe\\Рабочий стол\\frontend-project-46\\src\\buildDiff\\isSameItem.js","statementMap":{"0":{"start":{"line":1,"column":19},"end":{"line":9,"column":1}},"1":{"start":{"line":2,"column":25},"end":{"line":2,"column":29}},"2":{"start":{"line":4,"column":2},"end":{"line":7,"column":3}},"3":{"start":{"line":5,"column":27},"end":{"line":5,"column":31}},"4":{"start":{"line":6,"column":4},"end":{"line":6,"column":56}},"5":{"start":{"line":6,"column":44},"end":{"line":6,"column":56}},"6":{"start":{"line":8,"column":2},"end":{"line":8,"column":15}}},"fnMap":{"0":{"name":"(anonymous_0)","decl":{"start":{"line":1,"column":19},"end":{"line":1,"column":20}},"loc":{"start":{"line":1,"column":36},"end":{"line":9,"column":1}},"line":1}},"branchMap":{"0":{"loc":{"start":{"line":6,"column":4},"end":{"line":6,"column":56}},"type":"if","locations":[{"start":{"line":6,"column":4},"end":{"line":6,"column":56}},{"start":{},"end":{}}],"line":6},"1":{"loc":{"start":{"line":6,"column":8},"end":{"line":6,"column":42}},"type":"binary-expr","locations":[{"start":{"line":6,"column":8},"end":{"line":6,"column":21}},{"start":{"line":6,"column":25},"end":{"line":6,"column":42}}],"line":6}},"s":{"0":1,"1":12,"2":12,"3":41,"4":41,"5":3,"6":9},"f":{"0":12},"b":{"0":[3,38],"1":[41,4]},"_coverageSchema":"1a1c01bbd47fc00a2c39e90264f33305004495a9","hash":"1039d4dc71b0cd64778403cb4b11dc138b8f3575"}
,"C:\\Users\\ggwpe\\Рабочий стол\\frontend-project-46\\src\\buildDiff\\isSimilarItem.js": {"path":"C:\\Users\\ggwpe\\Рабочий стол\\frontend-project-46\\src\\buildDiff\\isSimilarItem.js","statementMap":{"0":{"start":{"line":1,"column":22},"end":{"line":8,"column":1}},"1":{"start":{"line":2,"column":23},"end":{"line":2,"column":27}},"2":{"start":{"line":4,"column":2},"end":{"line":6,"column":3}},"3":{"start":{"line":5,"column":4},"end":{"line":5,"column":65}},"4":{"start":{"line":5,"column":53},"end":{"line":5,"column":65}},"5":{"start":{"line":7,"column":2},"end":{"line":7,"column":15}}},"fnMap":{"0":{"name":"(anonymous_0)","decl":{"start":{"line":1,"column":22},"end":{"line":1,"column":23}},"loc":{"start":{"line":1,"column":39},"end":{"line":8,"column":1}},"line":1}},"branchMap":{"0":{"loc":{"start":{"line":5,"column":4},"end":{"line":5,"column":65}},"type":"if","locations":[{"start":{"line":5,"column":4},"end":{"line":5,"column":65}},{"start":{},"end":{}}],"line":5},"1":{"loc":{"start":{"line":5,"column":8},"end":{"line":5,"column":51}},"type":"binary-expr","locations":[{"start":{"line":5,"column":8},"end":{"line":5,"column":26}},{"start":{"line":5,"column":30},"end":{"line":5,"column":51}}],"line":5}},"s":{"0":1,"1":9,"2":9,"3":34,"4":1,"5":8},"f":{"0":9},"b":{"0":[1,33],"1":[34,1]},"_coverageSchema":"1a1c01bbd47fc00a2c39e90264f33305004495a9","hash":"78f5ad94761bf311cbf64c6aee77f7ae6a0acc2d"}
}
