TN:
SF:src\index.js
FN:6,(anonymous_0)
FNF:1
FNH:1
FNDA:3,(anonymous_0)
DA:6,1
DA:7,3
DA:8,3
DA:9,3
DA:10,3
DA:11,3
DA:12,3
DA:13,3
LF:8
LH:8
BRF:0
BRH:0
end_of_record
TN:
SF:src\parseJsonFile.js
FN:3,(anonymous_0)
FNF:1
FNH:1
FNDA:6,(anonymous_0)
DA:3,1
DA:4,6
DA:5,6
DA:6,6
LF:4
LH:4
BRF:0
BRH:0
end_of_record
TN:
SF:src\buildDiff\buildDiff.js
FN:5,(anonymous_0)
FNF:1
FNH:1
FNDA:3,(anonymous_0)
DA:5,1
DA:6,3
DA:7,3
DA:8,3
DA:9,3
DA:10,3
DA:11,3
DA:12,3
DA:14,3
DA:15,12
DA:16,12
DA:17,3
DA:18,9
DA:19,1
DA:20,1
DA:21,1
DA:23,8
DA:27,3
DA:28,12
DA:29,12
DA:30,8
DA:33,3
LF:22
LH:22
BRDA:16,0,0,3
BRDA:16,0,1,9
BRDA:18,1,0,1
BRDA:18,1,1,8
BRDA:29,2,0,8
BRDA:29,2,1,4
BRF:6
BRH:6
end_of_record
TN:
SF:src\buildDiff\compareFunc.js
FN:1,(anonymous_0)
FNF:1
FNH:1
FNDA:36,(anonymous_0)
DA:2,36
DA:3,24
DA:4,0
LF:3
LH:2
BRDA:2,0,0,12
BRDA:2,0,1,24
BRDA:3,1,0,24
BRDA:3,1,1,0
BRF:4
BRH:3
end_of_record
TN:
SF:src\buildDiff\isSameItem.js
FN:1,(anonymous_0)
FNF:1
FNH:1
FNDA:12,(anonymous_0)
DA:1,1
DA:2,12
DA:4,12
DA:5,41
DA:6,41
DA:8,9
LF:6
LH:6
BRDA:6,0,0,3
BRDA:6,0,1,38
BRDA:6,1,0,41
BRDA:6,1,1,4
BRF:4
BRH:4
end_of_record
TN:
SF:src\buildDiff\isSimilarItem.js
FN:1,(anonymous_0)
FNF:1
FNH:1
FNDA:9,(anonymous_0)
DA:1,1
DA:2,9
DA:4,9
DA:5,34
DA:7,8
LF:5
LH:5
BRDA:5,0,0,1
BRDA:5,0,1,33
BRDA:5,1,0,34
BRDA:5,1,1,1
BRF:4
BRH:4
end_of_record
